{"/Users/phyothant/Desktop/ziwa-dana/components/ScreenWrapper.tsx": {"path":"/Users/phyothant/Desktop/ziwa-dana/components/ScreenWrapper.tsx","statementMap":{"0":{"start":{"line":10,"column":52},"end":{"line":21,"column":1}},"1":{"start":{"line":11,"column":18},"end":{"line":11,"column":37}},"2":{"start":{"line":12,"column":21},"end":{"line":12,"column":43}},"3":{"start":{"line":14,"column":36},"end":{"line":18,"column":3}},"4":{"start":{"line":20,"column":2},"end":{"line":20,"column":56}}},"fnMap":{"0":{"name":"(anonymous_0)","decl":{"start":{"line":10,"column":52},"end":{"line":10,"column":53}},"loc":{"start":{"line":10,"column":74},"end":{"line":21,"column":1}},"line":10}},"branchMap":{"0":{"loc":{"start":{"line":12,"column":21},"end":{"line":12,"column":43}},"type":"cond-expr","locations":[{"start":{"line":12,"column":31},"end":{"line":12,"column":38}},{"start":{"line":12,"column":41},"end":{"line":12,"column":43}}],"line":12}},"s":{"0":1,"1":2,"2":2,"3":2,"4":2},"f":{"0":2},"b":{"0":[1,1]},"_coverageSchema":"1a1c01bbd47fc00a2c39e90264f33305004495a9","hash":"40b0e01f47e0432cafa2ed5ad6c87b08cd9649eb"}
,"/Users/phyothant/Desktop/ziwa-dana/components/supplierComponents/AddSupplierModal.tsx": {"path":"/Users/phyothant/Desktop/ziwa-dana/components/supplierComponents/AddSupplierModal.tsx","statementMap":{"0":{"start":{"line":49,"column":18},"end":{"line":49,"column":42}},"1":{"start":{"line":50,"column":22},"end":{"line":50,"column":33}},"2":{"start":{"line":52,"column":65},"end":{"line":220,"column":1}},"3":{"start":{"line":62,"column":42},"end":{"line":62,"column":54}},"4":{"start":{"line":63,"column":44},"end":{"line":63,"column":66}},"5":{"start":{"line":64,"column":34},"end":{"line":64,"column":46}},"6":{"start":{"line":65,"column":34},"end":{"line":65,"column":49}},"7":{"start":{"line":66,"column":48},"end":{"line":68,"column":3}},"8":{"start":{"line":69,"column":48},"end":{"line":69,"column":63}},"9":{"start":{"line":70,"column":40},"end":{"line":70,"column":52}},"10":{"start":{"line":72,"column":25},"end":{"line":76,"column":35}},"11":{"start":{"line":73,"column":4},"end":{"line":75,"column":6}},"12":{"start":{"line":74,"column":6},"end":{"line":74,"column":62}},"13":{"start":{"line":78,"column":22},"end":{"line":87,"column":3}},"14":{"start":{"line":79,"column":4},"end":{"line":79,"column":24}},"15":{"start":{"line":80,"column":4},"end":{"line":80,"column":20}},"16":{"start":{"line":81,"column":4},"end":{"line":81,"column":23}},"17":{"start":{"line":82,"column":4},"end":{"line":82,"column":30}},"18":{"start":{"line":83,"column":4},"end":{"line":83,"column":23}},"19":{"start":{"line":84,"column":4},"end":{"line":84,"column":48}},"20":{"start":{"line":85,"column":4},"end":{"line":85,"column":35}},"21":{"start":{"line":86,"column":4},"end":{"line":86,"column":14}},"22":{"start":{"line":89,"column":21},"end":{"line":105,"column":3}},"23":{"start":{"line":90,"column":4},"end":{"line":96,"column":7}},"24":{"start":{"line":98,"column":4},"end":{"line":98,"column":24}},"25":{"start":{"line":99,"column":4},"end":{"line":99,"column":20}},"26":{"start":{"line":100,"column":4},"end":{"line":100,"column":23}},"27":{"start":{"line":101,"column":4},"end":{"line":101,"column":30}},"28":{"start":{"line":102,"column":4},"end":{"line":102,"column":23}},"29":{"start":{"line":103,"column":4},"end":{"line":103,"column":48}},"30":{"start":{"line":104,"column":4},"end":{"line":104,"column":35}},"31":{"start":{"line":107,"column":2},"end":{"line":219,"column":4}},"32":{"start":{"line":148,"column":30},"end":{"line":148,"column":59}},"33":{"start":{"line":148,"column":56},"end":{"line":148,"column":58}},"34":{"start":{"line":151,"column":16},"end":{"line":151,"column":39}},"35":{"start":{"line":152,"column":16},"end":{"line":152,"column":42}},"36":{"start":{"line":178,"column":18},"end":{"line":178,"column":41}},"37":{"start":{"line":179,"column":18},"end":{"line":183,"column":20}},"38":{"start":{"line":222,"column":15},"end":{"line":311,"column":2}}},"fnMap":{"0":{"name":"(anonymous_0)","decl":{"start":{"line":52,"column":65},"end":{"line":52,"column":66}},"loc":{"start":{"line":61,"column":6},"end":{"line":220,"column":1}},"line":61},"1":{"name":"(anonymous_1)","decl":{"start":{"line":72,"column":33},"end":{"line":72,"column":34}},"loc":{"start":{"line":72,"column":39},"end":{"line":76,"column":3}},"line":72},"2":{"name":"(anonymous_2)","decl":{"start":{"line":73,"column":33},"end":{"line":73,"column":34}},"loc":{"start":{"line":74,"column":6},"end":{"line":74,"column":62}},"line":74},"3":{"name":"(anonymous_3)","decl":{"start":{"line":78,"column":22},"end":{"line":78,"column":23}},"loc":{"start":{"line":78,"column":28},"end":{"line":87,"column":3}},"line":78},"4":{"name":"(anonymous_4)","decl":{"start":{"line":89,"column":21},"end":{"line":89,"column":22}},"loc":{"start":{"line":89,"column":33},"end":{"line":105,"column":3}},"line":89},"5":{"name":"(anonymous_5)","decl":{"start":{"line":148,"column":24},"end":{"line":148,"column":25}},"loc":{"start":{"line":148,"column":30},"end":{"line":148,"column":59}},"line":148},"6":{"name":"(anonymous_6)","decl":{"start":{"line":148,"column":49},"end":{"line":148,"column":50}},"loc":{"start":{"line":148,"column":56},"end":{"line":148,"column":58}},"line":148},"7":{"name":"(anonymous_7)","decl":{"start":{"line":150,"column":24},"end":{"line":150,"column":25}},"loc":{"start":{"line":150,"column":34},"end":{"line":153,"column":15}},"line":150},"8":{"name":"(anonymous_8)","decl":{"start":{"line":177,"column":31},"end":{"line":177,"column":32}},"loc":{"start":{"line":177,"column":46},"end":{"line":184,"column":17}},"line":177}},"branchMap":{"0":{"loc":{"start":{"line":60,"column":2},"end":{"line":60,"column":19}},"type":"default-arg","locations":[{"start":{"line":60,"column":17},"end":{"line":60,"column":19}}],"line":60},"1":{"loc":{"start":{"line":180,"column":20},"end":{"line":182,"column":47}},"type":"cond-expr","locations":[{"start":{"line":181,"column":24},"end":{"line":181,"column":47}},{"start":{"line":182,"column":24},"end":{"line":182,"column":47}}],"line":180},"2":{"loc":{"start":{"line":195,"column":17},"end":{"line":197,"column":39}},"type":"cond-expr","locations":[{"start":{"line":196,"column":20},"end":{"line":196,"column":39}},{"start":{"line":197,"column":20},"end":{"line":197,"column":39}}],"line":195},"3":{"loc":{"start":{"line":212,"column":17},"end":{"line":212,"column":44}},"type":"cond-expr","locations":[{"start":{"line":212,"column":27},"end":{"line":212,"column":35}},{"start":{"line":212,"column":38},"end":{"line":212,"column":44}}],"line":212}},"s":{"0":1,"1":1,"2":1,"3":17,"4":17,"5":17,"6":17,"7":17,"8":17,"9":17,"10":17,"11":7,"12":14,"13":17,"14":1,"15":1,"16":1,"17":1,"18":1,"19":1,"20":1,"21":1,"22":17,"23":2,"24":2,"25":2,"26":2,"27":2,"28":2,"29":2,"30":2,"31":17,"32":0,"33":0,"34":0,"35":0,"36":1,"37":1,"38":1},"f":{"0":17,"1":7,"2":14,"3":1,"4":2,"5":0,"6":0,"7":0,"8":1},"b":{"0":[17],"1":[0,1],"2":[15,2],"3":[1,16]},"_coverageSchema":"1a1c01bbd47fc00a2c39e90264f33305004495a9","hash":"8fbcbdd7f230032ee626d1a5734d375b04146b43"}
,"/Users/phyothant/Desktop/ziwa-dana/components/supplierComponents/InlineGroupPicker.tsx": {"path":"/Users/phyothant/Desktop/ziwa-dana/components/supplierComponents/InlineGroupPicker.tsx","statementMap":{"0":{"start":{"line":27,"column":67},"end":{"line":123,"column":1}},"1":{"start":{"line":38,"column":2},"end":{"line":122,"column":4}},"2":{"start":{"line":72,"column":47},"end":{"line":72,"column":65}},"3":{"start":{"line":88,"column":16},"end":{"line":115,"column":35}},"4":{"start":{"line":97,"column":33},"end":{"line":97,"column":52}},"5":{"start":{"line":125,"column":15},"end":{"line":189,"column":2}}},"fnMap":{"0":{"name":"(anonymous_0)","decl":{"start":{"line":27,"column":67},"end":{"line":27,"column":68}},"loc":{"start":{"line":37,"column":6},"end":{"line":123,"column":1}},"line":37},"1":{"name":"(anonymous_1)","decl":{"start":{"line":72,"column":41},"end":{"line":72,"column":42}},"loc":{"start":{"line":72,"column":47},"end":{"line":72,"column":65}},"line":72},"2":{"name":"(anonymous_2)","decl":{"start":{"line":87,"column":33},"end":{"line":87,"column":34}},"loc":{"start":{"line":88,"column":16},"end":{"line":115,"column":35}},"line":88},"3":{"name":"(anonymous_3)","decl":{"start":{"line":97,"column":27},"end":{"line":97,"column":28}},"loc":{"start":{"line":97,"column":33},"end":{"line":97,"column":52}},"line":97}},"branchMap":{"0":{"loc":{"start":{"line":41,"column":34},"end":{"line":41,"column":66}},"type":"binary-expr","locations":[{"start":{"line":41,"column":34},"end":{"line":41,"column":40}},{"start":{"line":41,"column":44},"end":{"line":41,"column":66}}],"line":41},"1":{"loc":{"start":{"line":46,"column":13},"end":{"line":48,"column":50}},"type":"cond-expr","locations":[{"start":{"line":47,"column":16},"end":{"line":47,"column":40}},{"start":{"line":48,"column":16},"end":{"line":48,"column":50}}],"line":46},"2":{"loc":{"start":{"line":48,"column":16},"end":{"line":48,"column":50}},"type":"binary-expr","locations":[{"start":{"line":48,"column":16},"end":{"line":48,"column":29}},{"start":{"line":48,"column":33},"end":{"line":48,"column":50}}],"line":48},"3":{"loc":{"start":{"line":51,"column":18},"end":{"line":51,"column":56}},"type":"cond-expr","locations":[{"start":{"line":51,"column":27},"end":{"line":51,"column":39}},{"start":{"line":51,"column":42},"end":{"line":51,"column":56}}],"line":51},"4":{"loc":{"start":{"line":58,"column":7},"end":{"line":120,"column":7}},"type":"binary-expr","locations":[{"start":{"line":58,"column":7},"end":{"line":58,"column":13}},{"start":{"line":59,"column":8},"end":{"line":119,"column":15}}],"line":58},"5":{"loc":{"start":{"line":71,"column":13},"end":{"line":75,"column":13}},"type":"binary-expr","locations":[{"start":{"line":71,"column":13},"end":{"line":71,"column":35}},{"start":{"line":72,"column":14},"end":{"line":74,"column":33}}],"line":71},"6":{"loc":{"start":{"line":84,"column":13},"end":{"line":117,"column":13}},"type":"cond-expr","locations":[{"start":{"line":85,"column":14},"end":{"line":85,"column":71}},{"start":{"line":87,"column":14},"end":{"line":116,"column":16}}],"line":84},"7":{"loc":{"start":{"line":92,"column":20},"end":{"line":93,"column":45}},"type":"binary-expr","locations":[{"start":{"line":92,"column":20},"end":{"line":92,"column":55}},{"start":{"line":93,"column":22},"end":{"line":93,"column":45}}],"line":92},"8":{"loc":{"start":{"line":94,"column":20},"end":{"line":95,"column":53}},"type":"binary-expr","locations":[{"start":{"line":94,"column":20},"end":{"line":94,"column":47}},{"start":{"line":95,"column":22},"end":{"line":95,"column":53}}],"line":94},"9":{"loc":{"start":{"line":102,"column":22},"end":{"line":105,"column":23}},"type":"binary-expr","locations":[{"start":{"line":102,"column":22},"end":{"line":102,"column":49}},{"start":{"line":102,"column":53},"end":{"line":105,"column":23}}],"line":102},"10":{"loc":{"start":{"line":108,"column":21},"end":{"line":110,"column":33}},"type":"cond-expr","locations":[{"start":{"line":109,"column":24},"end":{"line":109,"column":48}},{"start":{"line":110,"column":24},"end":{"line":110,"column":33}}],"line":108},"11":{"loc":{"start":{"line":112,"column":19},"end":{"line":114,"column":19}},"type":"binary-expr","locations":[{"start":{"line":112,"column":19},"end":{"line":112,"column":46}},{"start":{"line":113,"column":20},"end":{"line":113,"column":78}}],"line":112}},"s":{"0":2,"1":26,"2":1,"3":8,"4":3,"5":2},"f":{"0":26,"1":1,"2":8,"3":3},"b":{"0":[26,6],"1":[1,25],"2":[25,22],"3":[6,20],"4":[26,6],"5":[6,4],"6":[2,4],"7":[8,4],"8":[8,2],"9":[8,2],"10":[3,5],"11":[8,2]},"_coverageSchema":"1a1c01bbd47fc00a2c39e90264f33305004495a9","hash":"9e5b8473a4e012194f77b3f2671616ca4822d9d5"}
,"/Users/phyothant/Desktop/ziwa-dana/components/supplierComponents/SupplierCard.tsx": {"path":"/Users/phyothant/Desktop/ziwa-dana/components/supplierComponents/SupplierCard.tsx","statementMap":{"0":{"start":{"line":22,"column":18},"end":{"line":22,"column":42}},"1":{"start":{"line":23,"column":22},"end":{"line":23,"column":33}},"2":{"start":{"line":25,"column":57},"end":{"line":97,"column":1}},"3":{"start":{"line":33,"column":27},"end":{"line":37,"column":10}},"4":{"start":{"line":39,"column":2},"end":{"line":96,"column":4}},"5":{"start":{"line":40,"column":57},"end":{"line":40,"column":70}},"6":{"start":{"line":80,"column":29},"end":{"line":80,"column":57}},"7":{"start":{"line":99,"column":15},"end":{"line":151,"column":2}}},"fnMap":{"0":{"name":"(anonymous_0)","decl":{"start":{"line":25,"column":57},"end":{"line":25,"column":58}},"loc":{"start":{"line":32,"column":6},"end":{"line":97,"column":1}},"line":32},"1":{"name":"(anonymous_1)","decl":{"start":{"line":40,"column":51},"end":{"line":40,"column":52}},"loc":{"start":{"line":40,"column":57},"end":{"line":40,"column":70}},"line":40},"2":{"name":"(anonymous_2)","decl":{"start":{"line":80,"column":23},"end":{"line":80,"column":24}},"loc":{"start":{"line":80,"column":29},"end":{"line":80,"column":57}},"line":80}},"branchMap":{"0":{"loc":{"start":{"line":33,"column":27},"end":{"line":37,"column":10}},"type":"cond-expr","locations":[{"start":{"line":34,"column":6},"end":{"line":36,"column":33}},{"start":{"line":37,"column":6},"end":{"line":37,"column":10}}],"line":33},"1":{"loc":{"start":{"line":34,"column":6},"end":{"line":36,"column":33}},"type":"cond-expr","locations":[{"start":{"line":35,"column":8},"end":{"line":35,"column":18}},{"start":{"line":36,"column":8},"end":{"line":36,"column":33}}],"line":34},"2":{"loc":{"start":{"line":48,"column":11},"end":{"line":57,"column":11}},"type":"cond-expr","locations":[{"start":{"line":49,"column":12},"end":{"line":52,"column":14}},{"start":{"line":54,"column":12},"end":{"line":56,"column":19}}],"line":48},"3":{"loc":{"start":{"line":65,"column":17},"end":{"line":67,"column":39}},"type":"cond-expr","locations":[{"start":{"line":66,"column":20},"end":{"line":66,"column":36}},{"start":{"line":67,"column":20},"end":{"line":67,"column":39}}],"line":65},"4":{"loc":{"start":{"line":72,"column":17},"end":{"line":72,"column":47}},"type":"binary-expr","locations":[{"start":{"line":72,"column":17},"end":{"line":72,"column":38}},{"start":{"line":72,"column":42},"end":{"line":72,"column":47}}],"line":72},"5":{"loc":{"start":{"line":77,"column":11},"end":{"line":91,"column":18}},"type":"cond-expr","locations":[{"start":{"line":78,"column":12},"end":{"line":90,"column":31}},{"start":{"line":91,"column":14},"end":{"line":91,"column":18}}],"line":77},"6":{"loc":{"start":{"line":114,"column":11},"end":{"line":114,"column":34}},"type":"cond-expr","locations":[{"start":{"line":114,"column":27},"end":{"line":114,"column":29}},{"start":{"line":114,"column":32},"end":{"line":114,"column":34}}],"line":114},"7":{"loc":{"start":{"line":115,"column":12},"end":{"line":115,"column":35}},"type":"cond-expr","locations":[{"start":{"line":115,"column":28},"end":{"line":115,"column":30}},{"start":{"line":115,"column":33},"end":{"line":115,"column":35}}],"line":115},"8":{"loc":{"start":{"line":121,"column":26},"end":{"line":121,"column":49}},"type":"cond-expr","locations":[{"start":{"line":121,"column":42},"end":{"line":121,"column":44}},{"start":{"line":121,"column":47},"end":{"line":121,"column":49}}],"line":121},"9":{"loc":{"start":{"line":123,"column":14},"end":{"line":123,"column":37}},"type":"cond-expr","locations":[{"start":{"line":123,"column":30},"end":{"line":123,"column":32}},{"start":{"line":123,"column":35},"end":{"line":123,"column":37}}],"line":123}},"s":{"0":2,"1":2,"2":2,"3":11,"4":11,"5":1,"6":3,"7":2},"f":{"0":11,"1":1,"2":3},"b":{"0":[3,8],"1":[1,2],"2":[3,8],"3":[2,9],"4":[11,2],"5":[4,7],"6":[0,2],"7":[0,2],"8":[0,2],"9":[0,2]},"_coverageSchema":"1a1c01bbd47fc00a2c39e90264f33305004495a9","hash":"68287a63e69d694bdabee6414cb65fc7818a4e95"}
,"/Users/phyothant/Desktop/ziwa-dana/components/supplierComponents/SupplierDetailModal.tsx": {"path":"/Users/phyothant/Desktop/ziwa-dana/components/supplierComponents/SupplierDetailModal.tsx","statementMap":{"0":{"start":{"line":32,"column":18},"end":{"line":32,"column":42}},"1":{"start":{"line":33,"column":22},"end":{"line":33,"column":33}},"2":{"start":{"line":35,"column":71},"end":{"line":130,"column":1}},"3":{"start":{"line":43,"column":2},"end":{"line":129,"column":4}},"4":{"start":{"line":95,"column":18},"end":{"line":95,"column":72}},"5":{"start":{"line":132,"column":15},"end":{"line":193,"column":2}}},"fnMap":{"0":{"name":"(anonymous_0)","decl":{"start":{"line":35,"column":71},"end":{"line":35,"column":72}},"loc":{"start":{"line":42,"column":6},"end":{"line":130,"column":1}},"line":42},"1":{"name":"(anonymous_1)","decl":{"start":{"line":94,"column":25},"end":{"line":94,"column":26}},"loc":{"start":{"line":95,"column":18},"end":{"line":95,"column":72}},"line":95}},"branchMap":{"0":{"loc":{"start":{"line":72,"column":17},"end":{"line":89,"column":17}},"type":"cond-expr","locations":[{"start":{"line":73,"column":18},"end":{"line":84,"column":20}},{"start":{"line":86,"column":18},"end":{"line":88,"column":25}}],"line":72},"1":{"loc":{"start":{"line":75,"column":27},"end":{"line":77,"column":55}},"type":"cond-expr","locations":[{"start":{"line":76,"column":26},"end":{"line":76,"column":40}},{"start":{"line":77,"column":26},"end":{"line":77,"column":55}}],"line":75},"2":{"loc":{"start":{"line":95,"column":18},"end":{"line":95,"column":72}},"type":"binary-expr","locations":[{"start":{"line":95,"column":18},"end":{"line":95,"column":37}},{"start":{"line":95,"column":41},"end":{"line":95,"column":72}}],"line":95},"3":{"loc":{"start":{"line":99,"column":19},"end":{"line":99,"column":57}},"type":"binary-expr","locations":[{"start":{"line":99,"column":19},"end":{"line":99,"column":38}},{"start":{"line":99,"column":42},"end":{"line":99,"column":57}}],"line":99},"4":{"loc":{"start":{"line":109,"column":17},"end":{"line":111,"column":44}},"type":"cond-expr","locations":[{"start":{"line":110,"column":20},"end":{"line":110,"column":33}},{"start":{"line":111,"column":20},"end":{"line":111,"column":44}}],"line":109},"5":{"loc":{"start":{"line":118,"column":17},"end":{"line":120,"column":33}},"type":"cond-expr","locations":[{"start":{"line":119,"column":20},"end":{"line":119,"column":33}},{"start":{"line":120,"column":20},"end":{"line":120,"column":33}}],"line":118},"6":{"loc":{"start":{"line":170,"column":14},"end":{"line":170,"column":37}},"type":"cond-expr","locations":[{"start":{"line":170,"column":30},"end":{"line":170,"column":32}},{"start":{"line":170,"column":35},"end":{"line":170,"column":37}}],"line":170}},"s":{"0":1,"1":1,"2":1,"3":11,"4":2,"5":1},"f":{"0":11,"1":2},"b":{"0":[2,9],"1":[1,1],"2":[2,1],"3":[11,4],"4":[1,10],"5":[1,10],"6":[0,1]},"_coverageSchema":"1a1c01bbd47fc00a2c39e90264f33305004495a9","hash":"2b3b3ca631525de18df22f3fe2c6792cffe97e9d"}
,"/Users/phyothant/Desktop/ziwa-dana/components/supplierComponents/SupplierReceiptGroup.tsx": {"path":"/Users/phyothant/Desktop/ziwa-dana/components/supplierComponents/SupplierReceiptGroup.tsx","statementMap":{"0":{"start":{"line":28,"column":73},"end":{"line":122,"column":1}},"1":{"start":{"line":38,"column":2},"end":{"line":121,"column":4}},"2":{"start":{"line":67,"column":14},"end":{"line":70,"column":16}},"3":{"start":{"line":83,"column":8},"end":{"line":118,"column":27}},"4":{"start":{"line":86,"column":25},"end":{"line":86,"column":49}},"5":{"start":{"line":124,"column":15},"end":{"line":183,"column":2}}},"fnMap":{"0":{"name":"(anonymous_0)","decl":{"start":{"line":28,"column":73},"end":{"line":28,"column":74}},"loc":{"start":{"line":37,"column":6},"end":{"line":122,"column":1}},"line":37},"1":{"name":"(anonymous_1)","decl":{"start":{"line":66,"column":21},"end":{"line":66,"column":22}},"loc":{"start":{"line":67,"column":14},"end":{"line":70,"column":16}},"line":67},"2":{"name":"(anonymous_2)","decl":{"start":{"line":82,"column":25},"end":{"line":82,"column":26}},"loc":{"start":{"line":83,"column":8},"end":{"line":118,"column":27}},"line":83},"3":{"name":"(anonymous_3)","decl":{"start":{"line":86,"column":19},"end":{"line":86,"column":20}},"loc":{"start":{"line":86,"column":25},"end":{"line":86,"column":49}},"line":86}},"branchMap":{"0":{"loc":{"start":{"line":114,"column":17},"end":{"line":114,"column":39}},"type":"binary-expr","locations":[{"start":{"line":114,"column":17},"end":{"line":114,"column":34}},{"start":{"line":114,"column":38},"end":{"line":114,"column":39}}],"line":114}},"s":{"0":1,"1":4,"2":1,"3":4,"4":1,"5":1},"f":{"0":4,"1":1,"2":4,"3":1},"b":{"0":[4,1]},"_coverageSchema":"1a1c01bbd47fc00a2c39e90264f33305004495a9","hash":"766495d2e3ca5bd72496fa5d0d5796db644dabe2"}
,"/Users/phyothant/Desktop/ziwa-dana/services/loginService.ts": {"path":"/Users/phyothant/Desktop/ziwa-dana/services/loginService.ts","statementMap":{"0":{"start":{"line":4,"column":21},"end":{"line":37,"column":1}},"1":{"start":{"line":9,"column":2},"end":{"line":36,"column":3}},"2":{"start":{"line":10,"column":4},"end":{"line":10,"column":61}},"3":{"start":{"line":12,"column":16},"end":{"line":12,"column":42}},"4":{"start":{"line":14,"column":21},"end":{"line":17,"column":6}},"5":{"start":{"line":19,"column":4},"end":{"line":19,"column":53}},"6":{"start":{"line":21,"column":21},"end":{"line":21,"column":48}},"7":{"start":{"line":23,"column":4},"end":{"line":23,"column":56}},"8":{"start":{"line":24,"column":4},"end":{"line":24,"column":57}},"9":{"start":{"line":26,"column":4},"end":{"line":29,"column":6}},"10":{"start":{"line":31,"column":4},"end":{"line":31,"column":39}},"11":{"start":{"line":32,"column":4},"end":{"line":35,"column":6}}},"fnMap":{"0":{"name":"(anonymous_0)","decl":{"start":{"line":4,"column":21},"end":{"line":4,"column":22}},"loc":{"start":{"line":8,"column":5},"end":{"line":37,"column":1}},"line":8}},"branchMap":{"0":{"loc":{"start":{"line":34,"column":13},"end":{"line":34,"column":44}},"type":"binary-expr","locations":[{"start":{"line":34,"column":13},"end":{"line":34,"column":26}},{"start":{"line":34,"column":30},"end":{"line":34,"column":44}}],"line":34}},"s":{"0":1,"1":3,"2":3,"3":3,"4":3,"5":1,"6":1,"7":1,"8":1,"9":1,"10":2,"11":2},"f":{"0":3},"b":{"0":[2,1]},"_coverageSchema":"1a1c01bbd47fc00a2c39e90264f33305004495a9","hash":"992e7a474fa93ba5207e37e50bab4429845a5333"}
,"/Users/phyothant/Desktop/ziwa-dana/services/logoutService.ts": {"path":"/Users/phyothant/Desktop/ziwa-dana/services/logoutService.ts","statementMap":{"0":{"start":{"line":4,"column":22},"end":{"line":19,"column":1}},"1":{"start":{"line":5,"column":2},"end":{"line":5,"column":66}},"2":{"start":{"line":6,"column":2},"end":{"line":12,"column":3}},"3":{"start":{"line":7,"column":4},"end":{"line":9,"column":5}},"4":{"start":{"line":8,"column":6},"end":{"line":8,"column":35}},"5":{"start":{"line":11,"column":4},"end":{"line":11,"column":47}},"6":{"start":{"line":14,"column":2},"end":{"line":14,"column":24}},"7":{"start":{"line":16,"column":2},"end":{"line":16,"column":56}},"8":{"start":{"line":18,"column":2},"end":{"line":18,"column":27}}},"fnMap":{"0":{"name":"(anonymous_0)","decl":{"start":{"line":4,"column":22},"end":{"line":4,"column":23}},"loc":{"start":{"line":4,"column":34},"end":{"line":19,"column":1}},"line":4}},"branchMap":{"0":{"loc":{"start":{"line":7,"column":4},"end":{"line":9,"column":5}},"type":"if","locations":[{"start":{"line":7,"column":4},"end":{"line":9,"column":5}},{"start":{},"end":{}}],"line":7}},"s":{"0":1,"1":3,"2":3,"3":3,"4":2,"5":1,"6":3,"7":3,"8":3},"f":{"0":3},"b":{"0":[2,1]},"_coverageSchema":"1a1c01bbd47fc00a2c39e90264f33305004495a9","hash":"31ad79db7de14e15e736c2c4ca5c2e218bf4da19"}
,"/Users/phyothant/Desktop/ziwa-dana/services/parseFrappeErrorService.ts": {"path":"/Users/phyothant/Desktop/ziwa-dana/services/parseFrappeErrorService.ts","statementMap":{"0":{"start":{"line":1,"column":32},"end":{"line":15,"column":1}},"1":{"start":{"line":2,"column":2},"end":{"line":10,"column":3}},"2":{"start":{"line":3,"column":4},"end":{"line":9,"column":5}},"3":{"start":{"line":4,"column":21},"end":{"line":4,"column":55}},"4":{"start":{"line":5,"column":20},"end":{"line":5,"column":41}},"5":{"start":{"line":6,"column":6},"end":{"line":6,"column":54}},"6":{"start":{"line":8,"column":6},"end":{"line":8,"column":44}},"7":{"start":{"line":11,"column":2},"end":{"line":11,"column":47}},"8":{"start":{"line":11,"column":24},"end":{"line":11,"column":47}},"9":{"start":{"line":12,"column":2},"end":{"line":12,"column":57}},"10":{"start":{"line":12,"column":29},"end":{"line":12,"column":57}},"11":{"start":{"line":13,"column":2},"end":{"line":13,"column":43}},"12":{"start":{"line":13,"column":22},"end":{"line":13,"column":43}},"13":{"start":{"line":14,"column":2},"end":{"line":14,"column":41}}},"fnMap":{"0":{"name":"(anonymous_0)","decl":{"start":{"line":1,"column":32},"end":{"line":1,"column":33}},"loc":{"start":{"line":1,"column":56},"end":{"line":15,"column":1}},"line":1}},"branchMap":{"0":{"loc":{"start":{"line":2,"column":2},"end":{"line":10,"column":3}},"type":"if","locations":[{"start":{"line":2,"column":2},"end":{"line":10,"column":3}},{"start":{},"end":{}}],"line":2},"1":{"loc":{"start":{"line":6,"column":13},"end":{"line":6,"column":53}},"type":"binary-expr","locations":[{"start":{"line":6,"column":13},"end":{"line":6,"column":26}},{"start":{"line":6,"column":30},"end":{"line":6,"column":53}}],"line":6},"2":{"loc":{"start":{"line":11,"column":2},"end":{"line":11,"column":47}},"type":"if","locations":[{"start":{"line":11,"column":2},"end":{"line":11,"column":47}},{"start":{},"end":{}}],"line":11},"3":{"loc":{"start":{"line":12,"column":2},"end":{"line":12,"column":57}},"type":"if","locations":[{"start":{"line":12,"column":2},"end":{"line":12,"column":57}},{"start":{},"end":{}}],"line":12},"4":{"loc":{"start":{"line":13,"column":2},"end":{"line":13,"column":43}},"type":"if","locations":[{"start":{"line":13,"column":2},"end":{"line":13,"column":43}},{"start":{},"end":{}}],"line":13}},"s":{"0":3,"1":13,"2":5,"3":5,"4":4,"5":4,"6":1,"7":8,"8":1,"9":7,"10":2,"11":5,"12":2,"13":3},"f":{"0":13},"b":{"0":[5,8],"1":[4,1],"2":[1,7],"3":[2,5],"4":[2,3]},"_coverageSchema":"1a1c01bbd47fc00a2c39e90264f33305004495a9","hash":"66f89b074030102072f28f0eb7cacfc64f29490d"}
,"/Users/phyothant/Desktop/ziwa-dana/services/purchaseReceiptService.ts": {"path":"/Users/phyothant/Desktop/ziwa-dana/services/purchaseReceiptService.ts","statementMap":{"0":{"start":{"line":4,"column":35},"end":{"line":28,"column":1}},"1":{"start":{"line":5,"column":2},"end":{"line":27,"column":3}},"2":{"start":{"line":6,"column":4},"end":{"line":6,"column":33}},"3":{"start":{"line":7,"column":15},"end":{"line":7,"column":22}},"4":{"start":{"line":8,"column":21},"end":{"line":20,"column":6}},"5":{"start":{"line":21,"column":4},"end":{"line":21,"column":70}},"6":{"start":{"line":23,"column":4},"end":{"line":26,"column":6}},"7":{"start":{"line":30,"column":37},"end":{"line":71,"column":1}},"8":{"start":{"line":36,"column":2},"end":{"line":70,"column":3}},"9":{"start":{"line":37,"column":4},"end":{"line":37,"column":33}},"10":{"start":{"line":38,"column":15},"end":{"line":38,"column":22}},"11":{"start":{"line":39,"column":21},"end":{"line":45,"column":7}},"12":{"start":{"line":39,"column":39},"end":{"line":45,"column":5}},"13":{"start":{"line":46,"column":21},"end":{"line":50,"column":6}},"14":{"start":{"line":51,"column":4},"end":{"line":51,"column":45}},"15":{"start":{"line":53,"column":18},"end":{"line":53,"column":46}},"16":{"start":{"line":55,"column":4},"end":{"line":67,"column":5}},"17":{"start":{"line":56,"column":6},"end":{"line":62,"column":7}},"18":{"start":{"line":57,"column":23},"end":{"line":57,"column":57}},"19":{"start":{"line":58,"column":22},"end":{"line":58,"column":43}},"20":{"start":{"line":59,"column":8},"end":{"line":59,"column":43}},"21":{"start":{"line":61,"column":8},"end":{"line":61,"column":41}},"22":{"start":{"line":63,"column":11},"end":{"line":67,"column":5}},"23":{"start":{"line":64,"column":6},"end":{"line":64,"column":32}},"24":{"start":{"line":65,"column":11},"end":{"line":67,"column":5}},"25":{"start":{"line":66,"column":6},"end":{"line":66,"column":30}},"26":{"start":{"line":69,"column":4},"end":{"line":69,"column":46}},"27":{"start":{"line":73,"column":41},"end":{"line":85,"column":1}},"28":{"start":{"line":74,"column":2},"end":{"line":84,"column":3}},"29":{"start":{"line":75,"column":4},"end":{"line":75,"column":33}},"30":{"start":{"line":76,"column":15},"end":{"line":76,"column":22}},"31":{"start":{"line":77,"column":21},"end":{"line":77,"column":65}},"32":{"start":{"line":78,"column":4},"end":{"line":78,"column":68}},"33":{"start":{"line":80,"column":4},"end":{"line":83,"column":6}}},"fnMap":{"0":{"name":"(anonymous_0)","decl":{"start":{"line":4,"column":35},"end":{"line":4,"column":36}},"loc":{"start":{"line":4,"column":47},"end":{"line":28,"column":1}},"line":4},"1":{"name":"(anonymous_1)","decl":{"start":{"line":30,"column":37},"end":{"line":30,"column":38}},"loc":{"start":{"line":35,"column":5},"end":{"line":71,"column":1}},"line":35},"2":{"name":"(anonymous_2)","decl":{"start":{"line":39,"column":31},"end":{"line":39,"column":32}},"loc":{"start":{"line":39,"column":39},"end":{"line":45,"column":5}},"line":39},"3":{"name":"(anonymous_3)","decl":{"start":{"line":73,"column":41},"end":{"line":73,"column":42}},"loc":{"start":{"line":73,"column":68},"end":{"line":85,"column":1}},"line":73}},"branchMap":{"0":{"loc":{"start":{"line":25,"column":13},"end":{"line":25,"column":64}},"type":"binary-expr","locations":[{"start":{"line":25,"column":13},"end":{"line":25,"column":26}},{"start":{"line":25,"column":30},"end":{"line":25,"column":64}}],"line":25},"1":{"loc":{"start":{"line":55,"column":4},"end":{"line":67,"column":5}},"type":"if","locations":[{"start":{"line":55,"column":4},"end":{"line":67,"column":5}},{"start":{"line":63,"column":11},"end":{"line":67,"column":5}}],"line":55},"2":{"loc":{"start":{"line":59,"column":18},"end":{"line":59,"column":42}},"type":"binary-expr","locations":[{"start":{"line":59,"column":18},"end":{"line":59,"column":31}},{"start":{"line":59,"column":35},"end":{"line":59,"column":42}}],"line":59},"3":{"loc":{"start":{"line":63,"column":11},"end":{"line":67,"column":5}},"type":"if","locations":[{"start":{"line":63,"column":11},"end":{"line":67,"column":5}},{"start":{"line":65,"column":11},"end":{"line":67,"column":5}}],"line":63},"4":{"loc":{"start":{"line":65,"column":11},"end":{"line":67,"column":5}},"type":"if","locations":[{"start":{"line":65,"column":11},"end":{"line":67,"column":5}},{"start":{},"end":{}}],"line":65},"5":{"loc":{"start":{"line":82,"column":13},"end":{"line":82,"column":62}},"type":"binary-expr","locations":[{"start":{"line":82,"column":13},"end":{"line":82,"column":26}},{"start":{"line":82,"column":30},"end":{"line":82,"column":62}}],"line":82}},"s":{"0":2,"1":3,"2":3,"3":3,"4":3,"5":1,"6":2,"7":2,"8":8,"9":8,"10":8,"11":8,"12":1,"13":8,"14":1,"15":7,"16":7,"17":4,"18":4,"19":3,"20":3,"21":1,"22":3,"23":1,"24":2,"25":1,"26":7,"27":2,"28":3,"29":3,"30":3,"31":3,"32":1,"33":2},"f":{"0":3,"1":8,"2":1,"3":3},"b":{"0":[2,1],"1":[4,3],"2":[3,1],"3":[1,2],"4":[1,1],"5":[2,1]},"_coverageSchema":"1a1c01bbd47fc00a2c39e90264f33305004495a9","hash":"f523a0cad614847fe547188cab74f2f6c88eaac5"}
,"/Users/phyothant/Desktop/ziwa-dana/services/supplierService.ts": {"path":"/Users/phyothant/Desktop/ziwa-dana/services/supplierService.ts","statementMap":{"0":{"start":{"line":6,"column":28},"end":{"line":27,"column":1}},"1":{"start":{"line":7,"column":2},"end":{"line":26,"column":3}},"2":{"start":{"line":8,"column":4},"end":{"line":8,"column":33}},"3":{"start":{"line":9,"column":15},"end":{"line":9,"column":22}},"4":{"start":{"line":10,"column":22},"end":{"line":22,"column":6}},"5":{"start":{"line":23,"column":4},"end":{"line":23,"column":46}},"6":{"start":{"line":25,"column":4},"end":{"line":25,"column":52}},"7":{"start":{"line":29,"column":30},"end":{"line":45,"column":1}},"8":{"start":{"line":30,"column":2},"end":{"line":44,"column":3}},"9":{"start":{"line":31,"column":4},"end":{"line":31,"column":33}},"10":{"start":{"line":32,"column":15},"end":{"line":32,"column":22}},"11":{"start":{"line":33,"column":21},"end":{"line":40,"column":6}},"12":{"start":{"line":41,"column":4},"end":{"line":41,"column":45}},"13":{"start":{"line":43,"column":4},"end":{"line":43,"column":62}},"14":{"start":{"line":47,"column":33},"end":{"line":64,"column":1}},"15":{"start":{"line":48,"column":2},"end":{"line":63,"column":3}},"16":{"start":{"line":49,"column":4},"end":{"line":49,"column":46}},"17":{"start":{"line":50,"column":15},"end":{"line":50,"column":22}},"18":{"start":{"line":52,"column":19},"end":{"line":56,"column":6}},"19":{"start":{"line":58,"column":4},"end":{"line":58,"column":56}},"20":{"start":{"line":59,"column":4},"end":{"line":59,"column":66}},"21":{"start":{"line":61,"column":4},"end":{"line":61,"column":53}},"22":{"start":{"line":62,"column":4},"end":{"line":62,"column":62}}},"fnMap":{"0":{"name":"(anonymous_0)","decl":{"start":{"line":6,"column":28},"end":{"line":6,"column":29}},"loc":{"start":{"line":6,"column":40},"end":{"line":27,"column":1}},"line":6},"1":{"name":"(anonymous_1)","decl":{"start":{"line":29,"column":30},"end":{"line":29,"column":31}},"loc":{"start":{"line":29,"column":60},"end":{"line":45,"column":1}},"line":29},"2":{"name":"(anonymous_2)","decl":{"start":{"line":47,"column":33},"end":{"line":47,"column":34}},"loc":{"start":{"line":47,"column":45},"end":{"line":64,"column":1}},"line":47}},"branchMap":{"0":{"loc":{"start":{"line":36,"column":21},"end":{"line":36,"column":52}},"type":"binary-expr","locations":[{"start":{"line":36,"column":21},"end":{"line":36,"column":39}},{"start":{"line":36,"column":43},"end":{"line":36,"column":52}}],"line":36},"1":{"loc":{"start":{"line":37,"column":24},"end":{"line":37,"column":54}},"type":"binary-expr","locations":[{"start":{"line":37,"column":24},"end":{"line":37,"column":45}},{"start":{"line":37,"column":49},"end":{"line":37,"column":54}}],"line":37},"2":{"loc":{"start":{"line":38,"column":25},"end":{"line":38,"column":74}},"type":"binary-expr","locations":[{"start":{"line":38,"column":25},"end":{"line":38,"column":47}},{"start":{"line":38,"column":51},"end":{"line":38,"column":74}}],"line":38},"3":{"loc":{"start":{"line":39,"column":17},"end":{"line":39,"column":37}},"type":"binary-expr","locations":[{"start":{"line":39,"column":17},"end":{"line":39,"column":31}},{"start":{"line":39,"column":35},"end":{"line":39,"column":37}}],"line":39}},"s":{"0":2,"1":2,"2":2,"3":2,"4":2,"5":1,"6":1,"7":2,"8":2,"9":2,"10":2,"11":2,"12":1,"13":1,"14":2,"15":2,"16":2,"17":2,"18":2,"19":1,"20":1,"21":1,"22":1},"f":{"0":2,"1":2,"2":2},"b":{"0":[2,2],"1":[2,2],"2":[2,2],"3":[2,2]},"_coverageSchema":"1a1c01bbd47fc00a2c39e90264f33305004495a9","hash":"098e89cf1e6edaecd747c0ca5f9b9b310442933d"}
,"/Users/phyothant/Desktop/ziwa-dana/services/systemService.ts": {"path":"/Users/phyothant/Desktop/ziwa-dana/services/systemService.ts","statementMap":{"0":{"start":{"line":3,"column":35},"end":{"line":12,"column":1}},"1":{"start":{"line":4,"column":2},"end":{"line":11,"column":3}},"2":{"start":{"line":5,"column":4},"end":{"line":5,"column":33}},"3":{"start":{"line":6,"column":15},"end":{"line":6,"column":22}},"4":{"start":{"line":7,"column":21},"end":{"line":7,"column":74}},"5":{"start":{"line":8,"column":4},"end":{"line":8,"column":57}},"6":{"start":{"line":10,"column":4},"end":{"line":10,"column":24}},"7":{"start":{"line":14,"column":33},"end":{"line":29,"column":1}},"8":{"start":{"line":18,"column":2},"end":{"line":28,"column":3}},"9":{"start":{"line":19,"column":4},"end":{"line":19,"column":33}},"10":{"start":{"line":20,"column":15},"end":{"line":20,"column":22}},"11":{"start":{"line":21,"column":21},"end":{"line":21,"column":74}},"12":{"start":{"line":22,"column":4},"end":{"line":25,"column":6}},"13":{"start":{"line":27,"column":4},"end":{"line":27,"column":66}}},"fnMap":{"0":{"name":"(anonymous_0)","decl":{"start":{"line":3,"column":35},"end":{"line":3,"column":36}},"loc":{"start":{"line":3,"column":64},"end":{"line":12,"column":1}},"line":3},"1":{"name":"(anonymous_1)","decl":{"start":{"line":14,"column":33},"end":{"line":14,"column":34}},"loc":{"start":{"line":17,"column":6},"end":{"line":29,"column":1}},"line":17}},"branchMap":{"0":{"loc":{"start":{"line":8,"column":11},"end":{"line":8,"column":56}},"type":"binary-expr","locations":[{"start":{"line":8,"column":11},"end":{"line":8,"column":40}},{"start":{"line":8,"column":44},"end":{"line":8,"column":56}}],"line":8},"1":{"loc":{"start":{"line":23,"column":18},"end":{"line":23,"column":63}},"type":"binary-expr","locations":[{"start":{"line":23,"column":18},"end":{"line":23,"column":47}},{"start":{"line":23,"column":51},"end":{"line":23,"column":63}}],"line":23},"2":{"loc":{"start":{"line":24,"column":20},"end":{"line":24,"column":65}},"type":"binary-expr","locations":[{"start":{"line":24,"column":20},"end":{"line":24,"column":51}},{"start":{"line":24,"column":55},"end":{"line":24,"column":65}}],"line":24}},"s":{"0":1,"1":3,"2":3,"3":3,"4":3,"5":2,"6":1,"7":1,"8":2,"9":2,"10":2,"11":2,"12":1,"13":1},"f":{"0":3,"1":2},"b":{"0":[2,1],"1":[1,1],"2":[1,1]},"_coverageSchema":"1a1c01bbd47fc00a2c39e90264f33305004495a9","hash":"fa86e3b70cbd7a5225cce450f2b4fc58af1e9801"}
,"/Users/phyothant/Desktop/ziwa-dana/services/validationService.ts": {"path":"/Users/phyothant/Desktop/ziwa-dana/services/validationService.ts","statementMap":{"0":{"start":{"line":1,"column":20},"end":{"line":1,"column":34}},"1":{"start":{"line":3,"column":26},"end":{"line":12,"column":1}},"2":{"start":{"line":4,"column":18},"end":{"line":4,"column":30}},"3":{"start":{"line":6,"column":2},"end":{"line":6,"column":29}},"4":{"start":{"line":6,"column":16},"end":{"line":6,"column":29}},"5":{"start":{"line":8,"column":2},"end":{"line":11,"column":4}},"6":{"start":{"line":14,"column":28},"end":{"line":20,"column":1}},"7":{"start":{"line":15,"column":18},"end":{"line":15,"column":30}},"8":{"start":{"line":17,"column":2},"end":{"line":17,"column":29}},"9":{"start":{"line":17,"column":16},"end":{"line":17,"column":29}},"10":{"start":{"line":19,"column":2},"end":{"line":19,"column":35}},"11":{"start":{"line":22,"column":31},"end":{"line":24,"column":1}},"12":{"start":{"line":23,"column":2},"end":{"line":23,"column":34}}},"fnMap":{"0":{"name":"(anonymous_0)","decl":{"start":{"line":3,"column":26},"end":{"line":3,"column":27}},"loc":{"start":{"line":3,"column":54},"end":{"line":12,"column":1}},"line":3},"1":{"name":"(anonymous_1)","decl":{"start":{"line":14,"column":28},"end":{"line":14,"column":29}},"loc":{"start":{"line":14,"column":56},"end":{"line":20,"column":1}},"line":14},"2":{"name":"(anonymous_2)","decl":{"start":{"line":22,"column":31},"end":{"line":22,"column":32}},"loc":{"start":{"line":22,"column":59},"end":{"line":24,"column":1}},"line":22}},"branchMap":{"0":{"loc":{"start":{"line":6,"column":2},"end":{"line":6,"column":29}},"type":"if","locations":[{"start":{"line":6,"column":2},"end":{"line":6,"column":29}},{"start":{},"end":{}}],"line":6},"1":{"loc":{"start":{"line":9,"column":4},"end":{"line":10,"column":48}},"type":"binary-expr","locations":[{"start":{"line":9,"column":4},"end":{"line":9,"column":47}},{"start":{"line":10,"column":4},"end":{"line":10,"column":48}}],"line":9},"2":{"loc":{"start":{"line":17,"column":2},"end":{"line":17,"column":29}},"type":"if","locations":[{"start":{"line":17,"column":2},"end":{"line":17,"column":29}},{"start":{},"end":{}}],"line":17}},"s":{"0":1,"1":1,"2":3,"3":3,"4":1,"5":2,"6":1,"7":3,"8":3,"9":1,"10":2,"11":1,"12":3},"f":{"0":3,"1":3,"2":3},"b":{"0":[1,2],"1":[2,2],"2":[1,2]},"_coverageSchema":"1a1c01bbd47fc00a2c39e90264f33305004495a9","hash":"9ca047f2adefa00c9ceccdedb967ac5ce9193621"}
}
