TN:
SF:components/ScreenWrapper.tsx
FN:10,(anonymous_0)
FNF:1
FNH:1
FNDA:2,(anonymous_0)
DA:10,1
DA:11,2
DA:12,2
DA:14,2
DA:20,2
LF:5
LH:5
BRDA:12,0,0,1
BRDA:12,0,1,1
BRF:2
BRH:2
end_of_record
TN:
SF:components/supplierComponents/AddSupplierModal.tsx
FN:52,(anonymous_0)
FN:72,(anonymous_1)
FN:73,(anonymous_2)
FN:78,(anonymous_3)
FN:89,(anonymous_4)
FN:148,(anonymous_5)
FN:148,(anonymous_6)
FN:150,(anonymous_7)
FN:177,(anonymous_8)
FNF:9
FNH:6
FNDA:17,(anonymous_0)
FNDA:7,(anonymous_1)
FNDA:14,(anonymous_2)
FNDA:1,(anonymous_3)
FNDA:2,(anonymous_4)
FNDA:0,(anonymous_5)
FNDA:0,(anonymous_6)
FNDA:0,(anonymous_7)
FNDA:1,(anonymous_8)
DA:49,1
DA:50,1
DA:52,1
DA:62,17
DA:63,17
DA:64,17
DA:65,17
DA:66,17
DA:69,17
DA:70,17
DA:72,17
DA:73,7
DA:74,14
DA:78,17
DA:79,1
DA:80,1
DA:81,1
DA:82,1
DA:83,1
DA:84,1
DA:85,1
DA:86,1
DA:89,17
DA:90,2
DA:98,2
DA:99,2
DA:100,2
DA:101,2
DA:102,2
DA:103,2
DA:104,2
DA:107,17
DA:148,0
DA:151,0
DA:152,0
DA:178,1
DA:179,1
DA:222,1
LF:38
LH:35
BRDA:60,0,0,17
BRDA:180,1,0,0
BRDA:180,1,1,1
BRDA:195,2,0,15
BRDA:195,2,1,2
BRDA:212,3,0,1
BRDA:212,3,1,16
BRF:7
BRH:6
end_of_record
TN:
SF:components/supplierComponents/InlineGroupPicker.tsx
FN:27,(anonymous_0)
FN:72,(anonymous_1)
FN:87,(anonymous_2)
FN:97,(anonymous_3)
FNF:4
FNH:4
FNDA:26,(anonymous_0)
FNDA:1,(anonymous_1)
FNDA:8,(anonymous_2)
FNDA:3,(anonymous_3)
DA:27,2
DA:38,26
DA:72,1
DA:88,8
DA:97,3
DA:125,2
LF:6
LH:6
BRDA:41,0,0,26
BRDA:41,0,1,6
BRDA:46,1,0,1
BRDA:46,1,1,25
BRDA:48,2,0,25
BRDA:48,2,1,22
BRDA:51,3,0,6
BRDA:51,3,1,20
BRDA:58,4,0,26
BRDA:58,4,1,6
BRDA:71,5,0,6
BRDA:71,5,1,4
BRDA:84,6,0,2
BRDA:84,6,1,4
BRDA:92,7,0,8
BRDA:92,7,1,4
BRDA:94,8,0,8
BRDA:94,8,1,2
BRDA:102,9,0,8
BRDA:102,9,1,2
BRDA:108,10,0,3
BRDA:108,10,1,5
BRDA:112,11,0,8
BRDA:112,11,1,2
BRF:24
BRH:24
end_of_record
TN:
SF:components/supplierComponents/SupplierCard.tsx
FN:25,(anonymous_0)
FN:40,(anonymous_1)
FN:80,(anonymous_2)
FNF:3
FNH:3
FNDA:11,(anonymous_0)
FNDA:1,(anonymous_1)
FNDA:3,(anonymous_2)
DA:22,2
DA:23,2
DA:25,2
DA:33,11
DA:39,11
DA:40,1
DA:80,3
DA:99,2
LF:8
LH:8
BRDA:33,0,0,3
BRDA:33,0,1,8
BRDA:34,1,0,1
BRDA:34,1,1,2
BRDA:48,2,0,3
BRDA:48,2,1,8
BRDA:65,3,0,2
BRDA:65,3,1,9
BRDA:72,4,0,11
BRDA:72,4,1,2
BRDA:77,5,0,4
BRDA:77,5,1,7
BRDA:114,6,0,0
BRDA:114,6,1,2
BRDA:115,7,0,0
BRDA:115,7,1,2
BRDA:121,8,0,0
BRDA:121,8,1,2
BRDA:123,9,0,0
BRDA:123,9,1,2
BRF:20
BRH:16
end_of_record
TN:
SF:components/supplierComponents/SupplierDetailModal.tsx
FN:35,(anonymous_0)
FN:94,(anonymous_1)
FNF:2
FNH:2
FNDA:11,(anonymous_0)
FNDA:2,(anonymous_1)
DA:32,1
DA:33,1
DA:35,1
DA:43,11
DA:95,2
DA:132,1
LF:6
LH:6
BRDA:72,0,0,2
BRDA:72,0,1,9
BRDA:75,1,0,1
BRDA:75,1,1,1
BRDA:95,2,0,2
BRDA:95,2,1,1
BRDA:99,3,0,11
BRDA:99,3,1,4
BRDA:109,4,0,1
BRDA:109,4,1,10
BRDA:118,5,0,1
BRDA:118,5,1,10
BRDA:170,6,0,0
BRDA:170,6,1,1
BRF:14
BRH:13
end_of_record
TN:
SF:components/supplierComponents/SupplierReceiptGroup.tsx
FN:28,(anonymous_0)
FN:66,(anonymous_1)
FN:82,(anonymous_2)
FN:86,(anonymous_3)
FNF:4
FNH:4
FNDA:4,(anonymous_0)
FNDA:1,(anonymous_1)
FNDA:4,(anonymous_2)
FNDA:1,(anonymous_3)
DA:28,1
DA:38,4
DA:67,1
DA:83,4
DA:86,1
DA:124,1
LF:6
LH:6
BRDA:114,0,0,4
BRDA:114,0,1,1
BRF:2
BRH:2
end_of_record
TN:
SF:services/loginService.ts
FN:4,(anonymous_0)
FNF:1
FNH:1
FNDA:3,(anonymous_0)
DA:4,1
DA:9,3
DA:10,3
DA:12,3
DA:14,3
DA:19,1
DA:21,1
DA:23,1
DA:24,1
DA:26,1
DA:31,2
DA:32,2
LF:12
LH:12
BRDA:34,0,0,2
BRDA:34,0,1,1
BRF:2
BRH:2
end_of_record
TN:
SF:services/logoutService.ts
FN:4,(anonymous_0)
FNF:1
FNH:1
FNDA:3,(anonymous_0)
DA:4,1
DA:5,3
DA:6,3
DA:7,3
DA:8,2
DA:11,1
DA:14,3
DA:16,3
DA:18,3
LF:9
LH:9
BRDA:7,0,0,2
BRDA:7,0,1,1
BRF:2
BRH:2
end_of_record
TN:
SF:services/parseFrappeErrorService.ts
FN:1,(anonymous_0)
FNF:1
FNH:1
FNDA:13,(anonymous_0)
DA:1,3
DA:2,13
DA:3,5
DA:4,5
DA:5,4
DA:6,4
DA:8,1
DA:11,8
DA:12,7
DA:13,5
DA:14,3
LF:11
LH:11
BRDA:2,0,0,5
BRDA:2,0,1,8
BRDA:6,1,0,4
BRDA:6,1,1,1
BRDA:11,2,0,1
BRDA:11,2,1,7
BRDA:12,3,0,2
BRDA:12,3,1,5
BRDA:13,4,0,2
BRDA:13,4,1,3
BRF:10
BRH:10
end_of_record
TN:
SF:services/purchaseReceiptService.ts
FN:4,(anonymous_0)
FN:30,(anonymous_1)
FN:39,(anonymous_2)
FN:73,(anonymous_3)
FNF:4
FNH:4
FNDA:3,(anonymous_0)
FNDA:8,(anonymous_1)
FNDA:1,(anonymous_2)
FNDA:3,(anonymous_3)
DA:4,2
DA:5,3
DA:6,3
DA:7,3
DA:8,3
DA:21,1
DA:23,2
DA:30,2
DA:36,8
DA:37,8
DA:38,8
DA:39,8
DA:46,8
DA:51,1
DA:53,7
DA:55,7
DA:56,4
DA:57,4
DA:58,3
DA:59,3
DA:61,1
DA:63,3
DA:64,1
DA:65,2
DA:66,1
DA:69,7
DA:73,2
DA:74,3
DA:75,3
DA:76,3
DA:77,3
DA:78,1
DA:80,2
LF:33
LH:33
BRDA:25,0,0,2
BRDA:25,0,1,1
BRDA:55,1,0,4
BRDA:55,1,1,3
BRDA:59,2,0,3
BRDA:59,2,1,1
BRDA:63,3,0,1
BRDA:63,3,1,2
BRDA:65,4,0,1
BRDA:65,4,1,1
BRDA:82,5,0,2
BRDA:82,5,1,1
BRF:12
BRH:12
end_of_record
TN:
SF:services/supplierService.ts
FN:6,(anonymous_0)
FN:29,(anonymous_1)
FN:47,(anonymous_2)
FNF:3
FNH:3
FNDA:2,(anonymous_0)
FNDA:2,(anonymous_1)
FNDA:2,(anonymous_2)
DA:6,2
DA:7,2
DA:8,2
DA:9,2
DA:10,2
DA:23,1
DA:25,1
DA:29,2
DA:30,2
DA:31,2
DA:32,2
DA:33,2
DA:41,1
DA:43,1
DA:47,2
DA:48,2
DA:49,2
DA:50,2
DA:52,2
DA:58,1
DA:59,1
DA:61,1
DA:62,1
LF:23
LH:23
BRDA:36,0,0,2
BRDA:36,0,1,2
BRDA:37,1,0,2
BRDA:37,1,1,2
BRDA:38,2,0,2
BRDA:38,2,1,2
BRDA:39,3,0,2
BRDA:39,3,1,2
BRF:8
BRH:8
end_of_record
TN:
SF:services/systemService.ts
FN:3,(anonymous_0)
FN:14,(anonymous_1)
FNF:2
FNH:2
FNDA:3,(anonymous_0)
FNDA:2,(anonymous_1)
DA:3,1
DA:4,3
DA:5,3
DA:6,3
DA:7,3
DA:8,2
DA:10,1
DA:14,1
DA:18,2
DA:19,2
DA:20,2
DA:21,2
DA:22,1
DA:27,1
LF:14
LH:14
BRDA:8,0,0,2
BRDA:8,0,1,1
BRDA:23,1,0,1
BRDA:23,1,1,1
BRDA:24,2,0,1
BRDA:24,2,1,1
BRF:6
BRH:6
end_of_record
TN:
SF:services/validationService.ts
FN:3,(anonymous_0)
FN:14,(anonymous_1)
FN:22,(anonymous_2)
FNF:3
FNH:3
FNDA:3,(anonymous_0)
FNDA:3,(anonymous_1)
FNDA:3,(anonymous_2)
DA:1,1
DA:3,1
DA:4,3
DA:6,3
DA:8,2
DA:14,1
DA:15,3
DA:17,3
DA:19,2
DA:22,1
DA:23,3
LF:11
LH:11
BRDA:6,0,0,1
BRDA:6,0,1,2
BRDA:9,1,0,2
BRDA:9,1,1,2
BRDA:17,2,0,1
BRDA:17,2,1,2
BRF:6
BRH:6
end_of_record
